<?xml version="1.0" encoding="UTF-8"?>
<!-- Generated by org.testng.reporters.JUnitXMLReporter -->
<testsuite hostname="INTUL173e72435" ignored="0" name="Test" tests="8" failures="2" timestamp="2020-07-17T12:44:37 IST" time="164.435" errors="0">
  <testcase name="inValidPasswordSignIn" time="7.853" classname="com.intuit.qbes.receiptcapture.testcases.LaunchTest"/>
  <testcase name="inValidUserNameSignIn" time="7.804" classname="com.intuit.qbes.receiptcapture.testcases.LaunchTest"/>
  <testcase name="launchReceiptCapture" time="0.525" classname="com.intuit.qbes.receiptcapture.testcases.LaunchTest"/>
  <testcase name="validSignIn" time="12.096" classname="com.intuit.qbes.receiptcapture.testcases.SignInTest"/>
  <testcase name="signInAsDiffAcct" time="21.386" classname="com.intuit.qbes.receiptcapture.testcases.SignUpTest">
    <failure type="org.openqa.selenium.TimeoutException" message="Expected condition failed: waiting for visibility of Located by By.chained({By.id: com.intuit.qbes.mobilescanner:id/loggedin_NoRealmAttached}) (tried for 10 second(s) with 500 milliseconds interval)">
      <![CDATA[org.openqa.selenium.TimeoutException: Expected condition failed: waiting for visibility of Located by By.chained({By.id: com.intuit.qbes.mobilescanner:id/loggedin_NoRealmAttached}) (tried for 10 second(s) with 500 milliseconds interval)
at org.openqa.selenium.support.ui.WebDriverWait.timeoutException(WebDriverWait.java:95)
at org.openqa.selenium.support.ui.FluentWait.until(FluentWait.java:272)
at com.intuit.qbes.receiptcapture.BaseTest.waitForVisibility(BaseTest.java:104)
at com.intuit.qbes.receiptcapture.BaseTest.getAttribute(BaseTest.java:125)
at com.intuit.qbes.receiptcapture.pages.NoRealmPickerPage.getNoCompanyFoundText(NoRealmPickerPage.java:22)
at com.intuit.qbes.receiptcapture.testcases.SignUpTest.signInAsDiffAcct(SignUpTest.java:108)
at java.util.ArrayList.forEach(ArrayList.java:1257)
Caused by: org.openqa.selenium.NoSuchElementException: Can't locate an element by this strategy: By.chained({By.id: com.intuit.qbes.mobilescanner:id/loggedin_NoRealmAttached})
at io.appium.java_client.pagefactory.AppiumElementLocator.findElement(AppiumElementLocator.java:126)
at io.appium.java_client.pagefactory.interceptors.InterceptorOfASingleElement.intercept(InterceptorOfASingleElement.java:59)
at io.appium.java_client.android.AndroidElement$$EnhancerByCGLIB$$b598166c.isDisplayed(<generated>)
at org.openqa.selenium.support.ui.ExpectedConditions.elementIfVisible(ExpectedConditions.java:314)
at org.openqa.selenium.support.ui.ExpectedConditions.access$000(ExpectedConditions.java:43)
at org.openqa.selenium.support.ui.ExpectedConditions$10.apply(ExpectedConditions.java:300)
at org.openqa.selenium.support.ui.ExpectedConditions$10.apply(ExpectedConditions.java:297)
at org.openqa.selenium.support.ui.FluentWait.until(FluentWait.java:249)
... 32 more
Caused by: org.openqa.selenium.TimeoutException: Expected condition failed: waiting for io.appium.java_client.pagefactory.AppiumElementLocator$WaitingFunction@3ee39da0 (tried for 1 second(s) with 500 milliseconds interval)
at org.openqa.selenium.support.ui.FluentWait.timeoutException(FluentWait.java:304)
at org.openqa.selenium.support.ui.FluentWait.until(FluentWait.java:272)
at io.appium.java_client.pagefactory.AppiumElementLocator.waitFor(AppiumElementLocator.java:99)
at io.appium.java_client.pagefactory.AppiumElementLocator.findElement(AppiumElementLocator.java:119)
... 39 more
Caused by: org.openqa.selenium.NoSuchElementException: Cannot locate an element using By.chained({By.id: com.intuit.qbes.mobilescanner:id/loggedin_NoRealmAttached})
For documentation on this error, please visit: https://www.seleniumhq.org/exceptions/no_such_element.html
Build info: version: '3.141.59', revision: 'e82be7d358', time: '2018-11-14T08:17:03'
System info: host: 'INTUL173e72435', ip: 'fe80:0:0:0:1c52:f69e:d645:9a46%en0', os.name: 'Mac OS X', os.arch: 'x86_64', os.version: '10.15.5', java.version: '1.8.0_251'
Driver info: driver.version: AppiumDriver
at io.appium.java_client.pagefactory.bys.builder.ByChained.findElement(ByChained.java:74)
at org.openqa.selenium.remote.RemoteWebDriver.findElement(RemoteWebDriver.java:315)
at io.appium.java_client.DefaultGenericMobileDriver.findElement(DefaultGenericMobileDriver.java:57)
at io.appium.java_client.AppiumDriver.findElement(AppiumDriver.java:1)
at io.appium.java_client.pagefactory.bys.ContentMappedBy.findElement(ContentMappedBy.java:50)
at org.openqa.selenium.remote.RemoteWebDriver.findElement(RemoteWebDriver.java:315)
at io.appium.java_client.DefaultGenericMobileDriver.findElement(DefaultGenericMobileDriver.java:57)
at io.appium.java_client.AppiumDriver.findElement(AppiumDriver.java:1)
at io.appium.java_client.pagefactory.AppiumElementLocator.lambda$0(AppiumElementLocator.java:120)
at io.appium.java_client.pagefactory.AppiumElementLocator$WaitingFunction.apply(AppiumElementLocator.java:172)
at io.appium.java_client.pagefactory.AppiumElementLocator$WaitingFunction.apply(AppiumElementLocator.java:1)
at org.openqa.selenium.support.ui.FluentWait.until(FluentWait.java:249)
... 41 more
... Removed 27 stack frames]]>
    </failure>
  </testcase> <!-- signInAsDiffAcct -->
  <testcase name="selectNoCompanyLinked" time="15.248" classname="com.intuit.qbes.receiptcapture.testcases.SelectRealmTest"/>
  <testcase name="selectRealm" time="13.414" classname="com.intuit.qbes.receiptcapture.testcases.SelectRealmTest">
    <failure type="java.lang.NullPointerException">
      <![CDATA[java.lang.NullPointerException
at com.intuit.qbes.receiptcapture.testcases.SelectRealmTest.selectRealm(SelectRealmTest.java:90)
at java.util.ArrayList.forEach(ArrayList.java:1257)
... Removed 27 stack frames]]>
    </failure>
  </testcase> <!-- selectRealm -->
  <testcase name="uploadReceiptImage" time="26.091" classname="com.intuit.qbes.receiptcapture.testcases.CaptureReceiptTest"/>
</testsuite> <!-- Test -->
