<!DOCTYPE html PUBLIC "-//W3C//DTD XHTML 1.1//EN" "http://www.w3.org/TR/xhtml11/DTD/xhtml11.dtd">
<html xmlns="http://www.w3.org/1999/xhtml">
<head>
<meta http-equiv="content-type" content="text/html; charset=UTF-8"/>
<title>TestNG Report</title>
<style type="text/css">table {margin-bottom:10px;border-collapse:collapse;empty-cells:show}th,td {border:1px solid #009;padding:.25em .5em}th {vertical-align:bottom}td {vertical-align:top}table a {font-weight:bold}.stripe td {background-color: #E6EBF9}.num {text-align:right}.passedodd td {background-color: #3F3}.passedeven td {background-color: #0A0}.skippedodd td {background-color: #DDD}.skippedeven td {background-color: #CCC}.failedodd td,.attn {background-color: #F33}.failedeven td,.stripe .attn {background-color: #D00}.stacktrace {white-space:pre;font-family:monospace}.totop {font-size:85%;text-align:center;border-bottom:2px solid #000}.invisible {display:none}</style>
</head>
<body>
<table>
<tr><th>Test</th><th># Passed</th><th># Skipped</th><th># Retried</th><th># Failed</th><th>Time (ms)</th><th>Included Groups</th><th>Excluded Groups</th></tr>
<tr><th colspan="8">Suite</th></tr>
<tr><td><a href="#t0">Test</a></td><td class="num">6</td><td class="num">0</td><td class="num">0</td><td class="num attn">2</td><td class="num">164,435</td><td></td><td></td></tr>
</table>
<table id='summary'><thead><tr><th>Class</th><th>Method</th><th>Start</th><th>Time (ms)</th></tr></thead><tbody><tr><th colspan="4">Suite</th></tr></tbody><tbody id="t0"><tr><th colspan="4">Test &#8212; failed</th></tr><tr class="failedeven"><td rowspan="1">com.intuit.qbes.receiptcapture.testcases.SelectRealmTest</td><td><a href="#m0">selectRealm</a></td><td rowspan="1">1594970024440</td><td rowspan="1">13414</td></tr><tr class="failedodd"><td rowspan="1">com.intuit.qbes.receiptcapture.testcases.SignUpTest</td><td><a href="#m1">signInAsDiffAcct</a></td><td rowspan="1">1594969974924</td><td rowspan="1">21386</td></tr><tr><th colspan="4">Test &#8212; passed</th></tr><tr class="passedeven"><td rowspan="1">com.intuit.qbes.receiptcapture.testcases.CaptureReceiptTest</td><td><a href="#m2">uploadReceiptImage</a></td><td rowspan="1">1594970048011</td><td rowspan="1">26091</td></tr><tr class="passedodd"><td rowspan="3">com.intuit.qbes.receiptcapture.testcases.LaunchTest</td><td><a href="#m3">inValidPasswordSignIn</a></td><td rowspan="1">1594969921221</td><td rowspan="1">7853</td></tr><tr class="passedodd"><td><a href="#m4">inValidUserNameSignIn</a></td><td rowspan="1">1594969932008</td><td rowspan="1">7804</td></tr><tr class="passedodd"><td><a href="#m5">launchReceiptCapture</a></td><td rowspan="1">1594969942859</td><td rowspan="1">525</td></tr><tr class="passedeven"><td rowspan="1">com.intuit.qbes.receiptcapture.testcases.SelectRealmTest</td><td><a href="#m6">selectNoCompanyLinked</a></td><td rowspan="1">1594970006090</td><td rowspan="1">15248</td></tr><tr class="passedodd"><td rowspan="1">com.intuit.qbes.receiptcapture.testcases.SignInTest</td><td><a href="#m7">validSignIn</a></td><td rowspan="1">1594969953009</td><td rowspan="1">12096</td></tr></tbody>
</table>
<h2>Test</h2><h3 id="m0">com.intuit.qbes.receiptcapture.testcases.SelectRealmTest#selectRealm</h3><table class="result"><tr><th>Exception</th></tr><tr><td><div class="stacktrace">java.lang.NullPointerException
	at com.intuit.qbes.receiptcapture.testcases.SelectRealmTest.selectRealm(SelectRealmTest.java:90)
	at java.util.ArrayList.forEach(ArrayList.java:1257)
... Removed 27 stack frames</div></td></tr></table><p class="totop"><a href="#summary">back to summary</a></p>
<h3 id="m1">com.intuit.qbes.receiptcapture.testcases.SignUpTest#signInAsDiffAcct</h3><table class="result"><tr><th>Exception</th></tr><tr><td><div class="stacktrace">org.openqa.selenium.TimeoutException: Expected condition failed: waiting for visibility of Located by By.chained({By.id: com.intuit.qbes.mobilescanner:id/loggedin_NoRealmAttached}) (tried for 10 second(s) with 500 milliseconds interval)
	at org.openqa.selenium.support.ui.WebDriverWait.timeoutException(WebDriverWait.java:95)
	at org.openqa.selenium.support.ui.FluentWait.until(FluentWait.java:272)
	at com.intuit.qbes.receiptcapture.BaseTest.waitForVisibility(BaseTest.java:104)
	at com.intuit.qbes.receiptcapture.BaseTest.getAttribute(BaseTest.java:125)
	at com.intuit.qbes.receiptcapture.pages.NoRealmPickerPage.getNoCompanyFoundText(NoRealmPickerPage.java:22)
	at com.intuit.qbes.receiptcapture.testcases.SignUpTest.signInAsDiffAcct(SignUpTest.java:108)
	at java.util.ArrayList.forEach(ArrayList.java:1257)
Caused by: org.openqa.selenium.NoSuchElementException: Can&apos;t locate an element by this strategy: By.chained({By.id: com.intuit.qbes.mobilescanner:id/loggedin_NoRealmAttached})
	at io.appium.java_client.pagefactory.AppiumElementLocator.findElement(AppiumElementLocator.java:126)
	at io.appium.java_client.pagefactory.interceptors.InterceptorOfASingleElement.intercept(InterceptorOfASingleElement.java:59)
	at io.appium.java_client.android.AndroidElement$$EnhancerByCGLIB$$b598166c.isDisplayed(&lt;generated&gt;)
	at org.openqa.selenium.support.ui.ExpectedConditions.elementIfVisible(ExpectedConditions.java:314)
	at org.openqa.selenium.support.ui.ExpectedConditions.access$000(ExpectedConditions.java:43)
	at org.openqa.selenium.support.ui.ExpectedConditions$10.apply(ExpectedConditions.java:300)
	at org.openqa.selenium.support.ui.ExpectedConditions$10.apply(ExpectedConditions.java:297)
	at org.openqa.selenium.support.ui.FluentWait.until(FluentWait.java:249)
	... 32 more
Caused by: org.openqa.selenium.TimeoutException: Expected condition failed: waiting for io.appium.java_client.pagefactory.AppiumElementLocator$WaitingFunction@3ee39da0 (tried for 1 second(s) with 500 milliseconds interval)
	at org.openqa.selenium.support.ui.FluentWait.timeoutException(FluentWait.java:304)
	at org.openqa.selenium.support.ui.FluentWait.until(FluentWait.java:272)
	at io.appium.java_client.pagefactory.AppiumElementLocator.waitFor(AppiumElementLocator.java:99)
	at io.appium.java_client.pagefactory.AppiumElementLocator.findElement(AppiumElementLocator.java:119)
	... 39 more
Caused by: org.openqa.selenium.NoSuchElementException: Cannot locate an element using By.chained({By.id: com.intuit.qbes.mobilescanner:id/loggedin_NoRealmAttached})
For documentation on this error, please visit: https://www.seleniumhq.org/exceptions/no_such_element.html
Build info: version: &apos;3.141.59&apos;, revision: &apos;e82be7d358&apos;, time: &apos;2018-11-14T08:17:03&apos;
System info: host: &apos;INTUL173e72435&apos;, ip: &apos;fe80:0:0:0:1c52:f69e:d645:9a46%en0&apos;, os.name: &apos;Mac OS X&apos;, os.arch: &apos;x86_64&apos;, os.version: &apos;10.15.5&apos;, java.version: &apos;1.8.0_251&apos;
Driver info: driver.version: AppiumDriver
	at io.appium.java_client.pagefactory.bys.builder.ByChained.findElement(ByChained.java:74)
	at org.openqa.selenium.remote.RemoteWebDriver.findElement(RemoteWebDriver.java:315)
	at io.appium.java_client.DefaultGenericMobileDriver.findElement(DefaultGenericMobileDriver.java:57)
	at io.appium.java_client.AppiumDriver.findElement(AppiumDriver.java:1)
	at io.appium.java_client.pagefactory.bys.ContentMappedBy.findElement(ContentMappedBy.java:50)
	at org.openqa.selenium.remote.RemoteWebDriver.findElement(RemoteWebDriver.java:315)
	at io.appium.java_client.DefaultGenericMobileDriver.findElement(DefaultGenericMobileDriver.java:57)
	at io.appium.java_client.AppiumDriver.findElement(AppiumDriver.java:1)
	at io.appium.java_client.pagefactory.AppiumElementLocator.lambda$0(AppiumElementLocator.java:120)
	at io.appium.java_client.pagefactory.AppiumElementLocator$WaitingFunction.apply(AppiumElementLocator.java:172)
	at io.appium.java_client.pagefactory.AppiumElementLocator$WaitingFunction.apply(AppiumElementLocator.java:1)
	at org.openqa.selenium.support.ui.FluentWait.until(FluentWait.java:249)
	... 41 more
... Removed 27 stack frames</div></td></tr></table><p class="totop"><a href="#summary">back to summary</a></p>
<h3 id="m2">com.intuit.qbes.receiptcapture.testcases.CaptureReceiptTest#uploadReceiptImage</h3><table class="result"><tr><th class="invisible"/></tr></table><p class="totop"><a href="#summary">back to summary</a></p>
<h3 id="m3">com.intuit.qbes.receiptcapture.testcases.LaunchTest#inValidPasswordSignIn</h3><table class="result"><tr><th class="invisible"/></tr></table><p class="totop"><a href="#summary">back to summary</a></p>
<h3 id="m4">com.intuit.qbes.receiptcapture.testcases.LaunchTest#inValidUserNameSignIn</h3><table class="result"><tr><th class="invisible"/></tr></table><p class="totop"><a href="#summary">back to summary</a></p>
<h3 id="m5">com.intuit.qbes.receiptcapture.testcases.LaunchTest#launchReceiptCapture</h3><table class="result"><tr><th class="invisible"/></tr></table><p class="totop"><a href="#summary">back to summary</a></p>
<h3 id="m6">com.intuit.qbes.receiptcapture.testcases.SelectRealmTest#selectNoCompanyLinked</h3><table class="result"><tr><th class="invisible"/></tr></table><p class="totop"><a href="#summary">back to summary</a></p>
<h3 id="m7">com.intuit.qbes.receiptcapture.testcases.SignInTest#validSignIn</h3><table class="result"><tr><th class="invisible"/></tr></table><p class="totop"><a href="#summary">back to summary</a></p>
</body>
</html>
