<?xml version="1.0" encoding="UTF-8"?>
<testng-results skipped="0" failed="2" ignored="0" total="8" passed="6">
  <reporter-output>
  </reporter-output>
  <suite name="Suite" duration-ms="164435" started-at="2020-07-17T12:41:50 IST" finished-at="2020-07-17T12:44:34 IST">
    <groups>
    </groups>
    <test name="Test" duration-ms="164435" started-at="2020-07-17T12:41:50 IST" finished-at="2020-07-17T12:44:34 IST">
      <class name="com.intuit.qbes.receiptcapture.testcases.SignInTest">
        <test-method status="PASS" signature="beforeClass(java.lang.String, java.lang.String, java.lang.String, java.lang.String, java.lang.String)[pri:0, instance:com.intuit.qbes.receiptcapture.testcases.SignInTest@27a8c74e]" name="beforeClass" is-config="true" duration-ms="6397" started-at="2020-07-17T12:42:23 IST" finished-at="2020-07-17T12:42:30 IST">
          <params>
            <param index="0">
              <value>
                <![CDATA[true]]>
              </value>
            </param>
            <param index="1">
              <value>
                <![CDATA[Android]]>
              </value>
            </param>
            <param index="2">
              <value>
                <![CDATA[7.0]]>
              </value>
            </param>
            <param index="3">
              <value>
                <![CDATA[]]>
              </value>
            </param>
            <param index="4">
              <value>
                <![CDATA[Pixel_3]]>
              </value>
            </param>
          </params>
          <reporter-output>
          </reporter-output>
        </test-method> <!-- beforeClass -->
        <test-method status="PASS" signature="beforeMethod(java.lang.reflect.Method)[pri:0, instance:com.intuit.qbes.receiptcapture.testcases.SignInTest@27a8c74e]" name="beforeMethod" is-config="true" duration-ms="2673" started-at="2020-07-17T12:42:30 IST" finished-at="2020-07-17T12:42:33 IST">
          <params>
            <param index="0">
              <value>
                <![CDATA[public void com.intuit.qbes.receiptcapture.testcases.SignInTest.validSignIn()]]>
              </value>
            </param>
          </params>
          <reporter-output>
          </reporter-output>
        </test-method> <!-- beforeMethod -->
        <test-method status="PASS" signature="validSignIn()[pri:0, instance:com.intuit.qbes.receiptcapture.testcases.SignInTest@27a8c74e]" name="validSignIn" duration-ms="12096" started-at="2020-07-17T12:42:33 IST" finished-at="2020-07-17T12:42:45 IST">
          <reporter-output>
          </reporter-output>
        </test-method> <!-- validSignIn -->
        <test-method status="PASS" signature="afterMethod()[pri:0, instance:com.intuit.qbes.receiptcapture.testcases.SignInTest@27a8c74e]" name="afterMethod" is-config="true" duration-ms="248" started-at="2020-07-17T12:42:45 IST" finished-at="2020-07-17T12:42:45 IST">
          <reporter-output>
          </reporter-output>
        </test-method> <!-- afterMethod -->
        <test-method status="PASS" signature="afterClass()[pri:0, instance:com.intuit.qbes.receiptcapture.testcases.SignInTest@27a8c74e]" name="afterClass" is-config="true" duration-ms="265" started-at="2020-07-17T12:42:45 IST" finished-at="2020-07-17T12:42:45 IST">
          <reporter-output>
          </reporter-output>
        </test-method> <!-- afterClass -->
      </class> <!-- com.intuit.qbes.receiptcapture.testcases.SignInTest -->
      <class name="com.intuit.qbes.receiptcapture.testcases.LaunchTest">
        <test-method status="PASS" signature="beforeClass(java.lang.String, java.lang.String, java.lang.String, java.lang.String, java.lang.String)[pri:0, instance:com.intuit.qbes.receiptcapture.testcases.LaunchTest@33f88ab]" name="beforeClass" is-config="true" duration-ms="7359" started-at="2020-07-17T12:41:50 IST" finished-at="2020-07-17T12:41:57 IST">
          <params>
            <param index="0">
              <value>
                <![CDATA[true]]>
              </value>
            </param>
            <param index="1">
              <value>
                <![CDATA[Android]]>
              </value>
            </param>
            <param index="2">
              <value>
                <![CDATA[7.0]]>
              </value>
            </param>
            <param index="3">
              <value>
                <![CDATA[]]>
              </value>
            </param>
            <param index="4">
              <value>
                <![CDATA[Pixel_3]]>
              </value>
            </param>
          </params>
          <reporter-output>
          </reporter-output>
        </test-method> <!-- beforeClass -->
        <test-method status="PASS" signature="beforeMethod(java.lang.reflect.Method)[pri:0, instance:com.intuit.qbes.receiptcapture.testcases.LaunchTest@33f88ab]" name="beforeMethod" is-config="true" duration-ms="3324" started-at="2020-07-17T12:41:57 IST" finished-at="2020-07-17T12:42:01 IST">
          <params>
            <param index="0">
              <value>
                <![CDATA[public void com.intuit.qbes.receiptcapture.testcases.LaunchTest.inValidPasswordSignIn()]]>
              </value>
            </param>
          </params>
          <reporter-output>
          </reporter-output>
        </test-method> <!-- beforeMethod -->
        <test-method status="PASS" signature="inValidPasswordSignIn()[pri:0, instance:com.intuit.qbes.receiptcapture.testcases.LaunchTest@33f88ab]" name="inValidPasswordSignIn" duration-ms="7853" started-at="2020-07-17T12:42:01 IST" finished-at="2020-07-17T12:42:09 IST">
          <reporter-output>
          </reporter-output>
        </test-method> <!-- inValidPasswordSignIn -->
        <test-method status="PASS" signature="afterMethod()[pri:0, instance:com.intuit.qbes.receiptcapture.testcases.LaunchTest@33f88ab]" name="afterMethod" is-config="true" duration-ms="267" started-at="2020-07-17T12:42:09 IST" finished-at="2020-07-17T12:42:09 IST">
          <reporter-output>
          </reporter-output>
        </test-method> <!-- afterMethod -->
        <test-method status="PASS" signature="beforeMethod(java.lang.reflect.Method)[pri:0, instance:com.intuit.qbes.receiptcapture.testcases.LaunchTest@33f88ab]" name="beforeMethod" is-config="true" duration-ms="2665" started-at="2020-07-17T12:42:09 IST" finished-at="2020-07-17T12:42:12 IST">
          <params>
            <param index="0">
              <value>
                <![CDATA[public void com.intuit.qbes.receiptcapture.testcases.LaunchTest.inValidUserNameSignIn()]]>
              </value>
            </param>
          </params>
          <reporter-output>
          </reporter-output>
        </test-method> <!-- beforeMethod -->
        <test-method status="PASS" signature="inValidUserNameSignIn()[pri:0, instance:com.intuit.qbes.receiptcapture.testcases.LaunchTest@33f88ab]" name="inValidUserNameSignIn" duration-ms="7804" started-at="2020-07-17T12:42:12 IST" finished-at="2020-07-17T12:42:19 IST">
          <reporter-output>
          </reporter-output>
        </test-method> <!-- inValidUserNameSignIn -->
        <test-method status="PASS" signature="afterMethod()[pri:0, instance:com.intuit.qbes.receiptcapture.testcases.LaunchTest@33f88ab]" name="afterMethod" is-config="true" duration-ms="272" started-at="2020-07-17T12:42:19 IST" finished-at="2020-07-17T12:42:20 IST">
          <reporter-output>
          </reporter-output>
        </test-method> <!-- afterMethod -->
        <test-method status="PASS" signature="beforeMethod(java.lang.reflect.Method)[pri:0, instance:com.intuit.qbes.receiptcapture.testcases.LaunchTest@33f88ab]" name="beforeMethod" is-config="true" duration-ms="2774" started-at="2020-07-17T12:42:20 IST" finished-at="2020-07-17T12:42:22 IST">
          <params>
            <param index="0">
              <value>
                <![CDATA[public void com.intuit.qbes.receiptcapture.testcases.LaunchTest.launchReceiptCapture()]]>
              </value>
            </param>
          </params>
          <reporter-output>
          </reporter-output>
        </test-method> <!-- beforeMethod -->
        <test-method status="PASS" signature="launchReceiptCapture()[pri:0, instance:com.intuit.qbes.receiptcapture.testcases.LaunchTest@33f88ab]" name="launchReceiptCapture" duration-ms="525" started-at="2020-07-17T12:42:22 IST" finished-at="2020-07-17T12:42:23 IST">
          <reporter-output>
          </reporter-output>
        </test-method> <!-- launchReceiptCapture -->
        <test-method status="PASS" signature="afterMethod()[pri:0, instance:com.intuit.qbes.receiptcapture.testcases.LaunchTest@33f88ab]" name="afterMethod" is-config="true" duration-ms="314" started-at="2020-07-17T12:42:23 IST" finished-at="2020-07-17T12:42:23 IST">
          <reporter-output>
          </reporter-output>
        </test-method> <!-- afterMethod -->
        <test-method status="PASS" signature="afterClass()[pri:0, instance:com.intuit.qbes.receiptcapture.testcases.LaunchTest@33f88ab]" name="afterClass" is-config="true" duration-ms="238" started-at="2020-07-17T12:42:23 IST" finished-at="2020-07-17T12:42:23 IST">
          <reporter-output>
          </reporter-output>
        </test-method> <!-- afterClass -->
      </class> <!-- com.intuit.qbes.receiptcapture.testcases.LaunchTest -->
      <class name="com.intuit.qbes.receiptcapture.testcases.SelectRealmTest">
        <test-method status="PASS" signature="beforeClass(java.lang.String, java.lang.String, java.lang.String, java.lang.String, java.lang.String)[pri:0, instance:com.intuit.qbes.receiptcapture.testcases.SelectRealmTest@1b68ddbd]" name="beforeClass" is-config="true" duration-ms="6453" started-at="2020-07-17T12:43:16 IST" finished-at="2020-07-17T12:43:23 IST">
          <params>
            <param index="0">
              <value>
                <![CDATA[true]]>
              </value>
            </param>
            <param index="1">
              <value>
                <![CDATA[Android]]>
              </value>
            </param>
            <param index="2">
              <value>
                <![CDATA[7.0]]>
              </value>
            </param>
            <param index="3">
              <value>
                <![CDATA[]]>
              </value>
            </param>
            <param index="4">
              <value>
                <![CDATA[Pixel_3]]>
              </value>
            </param>
          </params>
          <reporter-output>
          </reporter-output>
        </test-method> <!-- beforeClass -->
        <test-method status="PASS" signature="beforeMethod(java.lang.reflect.Method)[pri:0, instance:com.intuit.qbes.receiptcapture.testcases.SelectRealmTest@1b68ddbd]" name="beforeMethod" is-config="true" duration-ms="2696" started-at="2020-07-17T12:43:23 IST" finished-at="2020-07-17T12:43:26 IST">
          <params>
            <param index="0">
              <value>
                <![CDATA[public void com.intuit.qbes.receiptcapture.testcases.SelectRealmTest.selectNoCompanyLinked()]]>
              </value>
            </param>
          </params>
          <reporter-output>
          </reporter-output>
        </test-method> <!-- beforeMethod -->
        <test-method status="PASS" signature="selectNoCompanyLinked()[pri:0, instance:com.intuit.qbes.receiptcapture.testcases.SelectRealmTest@1b68ddbd]" name="selectNoCompanyLinked" duration-ms="15248" started-at="2020-07-17T12:43:26 IST" finished-at="2020-07-17T12:43:41 IST">
          <reporter-output>
          </reporter-output>
        </test-method> <!-- selectNoCompanyLinked -->
        <test-method status="PASS" signature="afterMethod()[pri:0, instance:com.intuit.qbes.receiptcapture.testcases.SelectRealmTest@1b68ddbd]" name="afterMethod" is-config="true" duration-ms="260" started-at="2020-07-17T12:43:41 IST" finished-at="2020-07-17T12:43:41 IST">
          <reporter-output>
          </reporter-output>
        </test-method> <!-- afterMethod -->
        <test-method status="PASS" signature="beforeMethod(java.lang.reflect.Method)[pri:0, instance:com.intuit.qbes.receiptcapture.testcases.SelectRealmTest@1b68ddbd]" name="beforeMethod" is-config="true" duration-ms="2840" started-at="2020-07-17T12:43:41 IST" finished-at="2020-07-17T12:43:44 IST">
          <params>
            <param index="0">
              <value>
                <![CDATA[public void com.intuit.qbes.receiptcapture.testcases.SelectRealmTest.selectRealm()]]>
              </value>
            </param>
          </params>
          <reporter-output>
          </reporter-output>
        </test-method> <!-- beforeMethod -->
        <test-method status="FAIL" signature="selectRealm()[pri:0, instance:com.intuit.qbes.receiptcapture.testcases.SelectRealmTest@1b68ddbd]" name="selectRealm" duration-ms="13414" started-at="2020-07-17T12:43:44 IST" finished-at="2020-07-17T12:43:57 IST">
          <exception class="java.lang.NullPointerException">
            <full-stacktrace>
              <![CDATA[java.lang.NullPointerException
at com.intuit.qbes.receiptcapture.testcases.SelectRealmTest.selectRealm(SelectRealmTest.java:90)
at sun.reflect.NativeMethodAccessorImpl.invoke0(Native Method)
at sun.reflect.NativeMethodAccessorImpl.invoke(NativeMethodAccessorImpl.java:62)
at sun.reflect.DelegatingMethodAccessorImpl.invoke(DelegatingMethodAccessorImpl.java:43)
at java.lang.reflect.Method.invoke(Method.java:498)
at org.testng.internal.MethodInvocationHelper.invokeMethod(MethodInvocationHelper.java:134)
at org.testng.internal.TestInvoker.invokeMethod(TestInvoker.java:597)
at org.testng.internal.TestInvoker.invokeTestMethod(TestInvoker.java:173)
at org.testng.internal.MethodRunner.runInSequence(MethodRunner.java:46)
at org.testng.internal.TestInvoker$MethodInvocationAgent.invoke(TestInvoker.java:816)
at org.testng.internal.TestInvoker.invokeTestMethods(TestInvoker.java:146)
at org.testng.internal.TestMethodWorker.invokeTestMethods(TestMethodWorker.java:146)
at org.testng.internal.TestMethodWorker.run(TestMethodWorker.java:128)
at java.util.ArrayList.forEach(ArrayList.java:1257)
at org.testng.TestRunner.privateRun(TestRunner.java:766)
at org.testng.TestRunner.run(TestRunner.java:587)
at org.testng.SuiteRunner.runTest(SuiteRunner.java:384)
at org.testng.SuiteRunner.runSequentially(SuiteRunner.java:378)
at org.testng.SuiteRunner.privateRun(SuiteRunner.java:337)
at org.testng.SuiteRunner.run(SuiteRunner.java:286)
at org.testng.SuiteRunnerWorker.runSuite(SuiteRunnerWorker.java:53)
at org.testng.SuiteRunnerWorker.run(SuiteRunnerWorker.java:96)
at org.testng.TestNG.runSuitesSequentially(TestNG.java:1187)
at org.testng.TestNG.runSuitesLocally(TestNG.java:1109)
at org.testng.TestNG.runSuites(TestNG.java:1039)
at org.testng.TestNG.run(TestNG.java:1007)
at org.testng.remote.AbstractRemoteTestNG.run(AbstractRemoteTestNG.java:115)
at org.testng.remote.RemoteTestNG.initAndRun(RemoteTestNG.java:251)
at org.testng.remote.RemoteTestNG.main(RemoteTestNG.java:77)
]]>
            </full-stacktrace>
          </exception> <!-- java.lang.NullPointerException -->
          <reporter-output>
          </reporter-output>
        </test-method> <!-- selectRealm -->
        <test-method status="PASS" signature="afterMethod()[pri:0, instance:com.intuit.qbes.receiptcapture.testcases.SelectRealmTest@1b68ddbd]" name="afterMethod" is-config="true" duration-ms="379" started-at="2020-07-17T12:43:57 IST" finished-at="2020-07-17T12:43:58 IST">
          <reporter-output>
          </reporter-output>
        </test-method> <!-- afterMethod -->
        <test-method status="PASS" signature="afterClass()[pri:0, instance:com.intuit.qbes.receiptcapture.testcases.SelectRealmTest@1b68ddbd]" name="afterClass" is-config="true" duration-ms="495" started-at="2020-07-17T12:43:58 IST" finished-at="2020-07-17T12:43:58 IST">
          <reporter-output>
          </reporter-output>
        </test-method> <!-- afterClass -->
      </class> <!-- com.intuit.qbes.receiptcapture.testcases.SelectRealmTest -->
      <class name="com.intuit.qbes.receiptcapture.testcases.SignUpTest">
        <test-method status="PASS" signature="beforeClass(java.lang.String, java.lang.String, java.lang.String, java.lang.String, java.lang.String)[pri:0, instance:com.intuit.qbes.receiptcapture.testcases.SignUpTest@2d8f65a4]" name="beforeClass" is-config="true" duration-ms="6364" started-at="2020-07-17T12:42:45 IST" finished-at="2020-07-17T12:42:51 IST">
          <params>
            <param index="0">
              <value>
                <![CDATA[true]]>
              </value>
            </param>
            <param index="1">
              <value>
                <![CDATA[Android]]>
              </value>
            </param>
            <param index="2">
              <value>
                <![CDATA[7.0]]>
              </value>
            </param>
            <param index="3">
              <value>
                <![CDATA[]]>
              </value>
            </param>
            <param index="4">
              <value>
                <![CDATA[Pixel_3]]>
              </value>
            </param>
          </params>
          <reporter-output>
          </reporter-output>
        </test-method> <!-- beforeClass -->
        <test-method status="PASS" signature="beforeMethod(java.lang.reflect.Method)[pri:0, instance:com.intuit.qbes.receiptcapture.testcases.SignUpTest@2d8f65a4]" name="beforeMethod" is-config="true" duration-ms="2940" started-at="2020-07-17T12:42:51 IST" finished-at="2020-07-17T12:42:54 IST">
          <params>
            <param index="0">
              <value>
                <![CDATA[public void com.intuit.qbes.receiptcapture.testcases.SignUpTest.signInAsDiffAcct()]]>
              </value>
            </param>
          </params>
          <reporter-output>
          </reporter-output>
        </test-method> <!-- beforeMethod -->
        <test-method status="FAIL" signature="signInAsDiffAcct()[pri:0, instance:com.intuit.qbes.receiptcapture.testcases.SignUpTest@2d8f65a4]" name="signInAsDiffAcct" duration-ms="21386" started-at="2020-07-17T12:42:54 IST" finished-at="2020-07-17T12:43:16 IST">
          <exception class="org.openqa.selenium.TimeoutException">
            <message>
              <![CDATA[Expected condition failed: waiting for visibility of Located by By.chained({By.id: com.intuit.qbes.mobilescanner:id/loggedin_NoRealmAttached}) (tried for 10 second(s) with 500 milliseconds interval)]]>
            </message>
            <full-stacktrace>
              <![CDATA[org.openqa.selenium.TimeoutException: Expected condition failed: waiting for visibility of Located by By.chained({By.id: com.intuit.qbes.mobilescanner:id/loggedin_NoRealmAttached}) (tried for 10 second(s) with 500 milliseconds interval)
at org.openqa.selenium.support.ui.WebDriverWait.timeoutException(WebDriverWait.java:95)
at org.openqa.selenium.support.ui.FluentWait.until(FluentWait.java:272)
at com.intuit.qbes.receiptcapture.BaseTest.waitForVisibility(BaseTest.java:104)
at com.intuit.qbes.receiptcapture.BaseTest.getAttribute(BaseTest.java:125)
at com.intuit.qbes.receiptcapture.pages.NoRealmPickerPage.getNoCompanyFoundText(NoRealmPickerPage.java:22)
at com.intuit.qbes.receiptcapture.testcases.SignUpTest.signInAsDiffAcct(SignUpTest.java:108)
at sun.reflect.NativeMethodAccessorImpl.invoke0(Native Method)
at sun.reflect.NativeMethodAccessorImpl.invoke(NativeMethodAccessorImpl.java:62)
at sun.reflect.DelegatingMethodAccessorImpl.invoke(DelegatingMethodAccessorImpl.java:43)
at java.lang.reflect.Method.invoke(Method.java:498)
at org.testng.internal.MethodInvocationHelper.invokeMethod(MethodInvocationHelper.java:134)
at org.testng.internal.TestInvoker.invokeMethod(TestInvoker.java:597)
at org.testng.internal.TestInvoker.invokeTestMethod(TestInvoker.java:173)
at org.testng.internal.MethodRunner.runInSequence(MethodRunner.java:46)
at org.testng.internal.TestInvoker$MethodInvocationAgent.invoke(TestInvoker.java:816)
at org.testng.internal.TestInvoker.invokeTestMethods(TestInvoker.java:146)
at org.testng.internal.TestMethodWorker.invokeTestMethods(TestMethodWorker.java:146)
at org.testng.internal.TestMethodWorker.run(TestMethodWorker.java:128)
at java.util.ArrayList.forEach(ArrayList.java:1257)
at org.testng.TestRunner.privateRun(TestRunner.java:766)
at org.testng.TestRunner.run(TestRunner.java:587)
at org.testng.SuiteRunner.runTest(SuiteRunner.java:384)
at org.testng.SuiteRunner.runSequentially(SuiteRunner.java:378)
at org.testng.SuiteRunner.privateRun(SuiteRunner.java:337)
at org.testng.SuiteRunner.run(SuiteRunner.java:286)
at org.testng.SuiteRunnerWorker.runSuite(SuiteRunnerWorker.java:53)
at org.testng.SuiteRunnerWorker.run(SuiteRunnerWorker.java:96)
at org.testng.TestNG.runSuitesSequentially(TestNG.java:1187)
at org.testng.TestNG.runSuitesLocally(TestNG.java:1109)
at org.testng.TestNG.runSuites(TestNG.java:1039)
at org.testng.TestNG.run(TestNG.java:1007)
at org.testng.remote.AbstractRemoteTestNG.run(AbstractRemoteTestNG.java:115)
at org.testng.remote.RemoteTestNG.initAndRun(RemoteTestNG.java:251)
at org.testng.remote.RemoteTestNG.main(RemoteTestNG.java:77)
Caused by: org.openqa.selenium.NoSuchElementException: Can't locate an element by this strategy: By.chained({By.id: com.intuit.qbes.mobilescanner:id/loggedin_NoRealmAttached})
at io.appium.java_client.pagefactory.AppiumElementLocator.findElement(AppiumElementLocator.java:126)
at io.appium.java_client.pagefactory.interceptors.InterceptorOfASingleElement.intercept(InterceptorOfASingleElement.java:59)
at io.appium.java_client.android.AndroidElement$$EnhancerByCGLIB$$b598166c.isDisplayed(<generated>)
at org.openqa.selenium.support.ui.ExpectedConditions.elementIfVisible(ExpectedConditions.java:314)
at org.openqa.selenium.support.ui.ExpectedConditions.access$000(ExpectedConditions.java:43)
at org.openqa.selenium.support.ui.ExpectedConditions$10.apply(ExpectedConditions.java:300)
at org.openqa.selenium.support.ui.ExpectedConditions$10.apply(ExpectedConditions.java:297)
at org.openqa.selenium.support.ui.FluentWait.until(FluentWait.java:249)
... 32 more
Caused by: org.openqa.selenium.TimeoutException: Expected condition failed: waiting for io.appium.java_client.pagefactory.AppiumElementLocator$WaitingFunction@3ee39da0 (tried for 1 second(s) with 500 milliseconds interval)
at org.openqa.selenium.support.ui.FluentWait.timeoutException(FluentWait.java:304)
at org.openqa.selenium.support.ui.FluentWait.until(FluentWait.java:272)
at io.appium.java_client.pagefactory.AppiumElementLocator.waitFor(AppiumElementLocator.java:99)
at io.appium.java_client.pagefactory.AppiumElementLocator.findElement(AppiumElementLocator.java:119)
... 39 more
Caused by: org.openqa.selenium.NoSuchElementException: Cannot locate an element using By.chained({By.id: com.intuit.qbes.mobilescanner:id/loggedin_NoRealmAttached})
For documentation on this error, please visit: https://www.seleniumhq.org/exceptions/no_such_element.html
Build info: version: '3.141.59', revision: 'e82be7d358', time: '2018-11-14T08:17:03'
System info: host: 'INTUL173e72435', ip: 'fe80:0:0:0:1c52:f69e:d645:9a46%en0', os.name: 'Mac OS X', os.arch: 'x86_64', os.version: '10.15.5', java.version: '1.8.0_251'
Driver info: driver.version: AppiumDriver
at io.appium.java_client.pagefactory.bys.builder.ByChained.findElement(ByChained.java:74)
at org.openqa.selenium.remote.RemoteWebDriver.findElement(RemoteWebDriver.java:315)
at io.appium.java_client.DefaultGenericMobileDriver.findElement(DefaultGenericMobileDriver.java:57)
at io.appium.java_client.AppiumDriver.findElement(AppiumDriver.java:1)
at io.appium.java_client.pagefactory.bys.ContentMappedBy.findElement(ContentMappedBy.java:50)
at org.openqa.selenium.remote.RemoteWebDriver.findElement(RemoteWebDriver.java:315)
at io.appium.java_client.DefaultGenericMobileDriver.findElement(DefaultGenericMobileDriver.java:57)
at io.appium.java_client.AppiumDriver.findElement(AppiumDriver.java:1)
at io.appium.java_client.pagefactory.AppiumElementLocator.lambda$0(AppiumElementLocator.java:120)
at io.appium.java_client.pagefactory.AppiumElementLocator$WaitingFunction.apply(AppiumElementLocator.java:172)
at io.appium.java_client.pagefactory.AppiumElementLocator$WaitingFunction.apply(AppiumElementLocator.java:1)
at org.openqa.selenium.support.ui.FluentWait.until(FluentWait.java:249)
... 41 more
]]>
            </full-stacktrace>
          </exception> <!-- org.openqa.selenium.TimeoutException -->
          <reporter-output>
          </reporter-output>
        </test-method> <!-- signInAsDiffAcct -->
        <test-method status="PASS" signature="afterMethod()[pri:0, instance:com.intuit.qbes.receiptcapture.testcases.SignUpTest@2d8f65a4]" name="afterMethod" is-config="true" duration-ms="358" started-at="2020-07-17T12:43:16 IST" finished-at="2020-07-17T12:43:16 IST">
          <reporter-output>
          </reporter-output>
        </test-method> <!-- afterMethod -->
        <test-method status="PASS" signature="afterClass()[pri:0, instance:com.intuit.qbes.receiptcapture.testcases.SignUpTest@2d8f65a4]" name="afterClass" is-config="true" duration-ms="270" started-at="2020-07-17T12:43:16 IST" finished-at="2020-07-17T12:43:16 IST">
          <reporter-output>
          </reporter-output>
        </test-method> <!-- afterClass -->
      </class> <!-- com.intuit.qbes.receiptcapture.testcases.SignUpTest -->
      <class name="com.intuit.qbes.receiptcapture.testcases.CaptureReceiptTest">
        <test-method status="PASS" signature="beforeClass(java.lang.String, java.lang.String, java.lang.String, java.lang.String, java.lang.String)[pri:0, instance:com.intuit.qbes.receiptcapture.testcases.CaptureReceiptTest@646d64ab]" name="beforeClass" is-config="true" duration-ms="6502" started-at="2020-07-17T12:43:58 IST" finished-at="2020-07-17T12:44:05 IST">
          <params>
            <param index="0">
              <value>
                <![CDATA[true]]>
              </value>
            </param>
            <param index="1">
              <value>
                <![CDATA[Android]]>
              </value>
            </param>
            <param index="2">
              <value>
                <![CDATA[7.0]]>
              </value>
            </param>
            <param index="3">
              <value>
                <![CDATA[]]>
              </value>
            </param>
            <param index="4">
              <value>
                <![CDATA[Pixel_3]]>
              </value>
            </param>
          </params>
          <reporter-output>
          </reporter-output>
        </test-method> <!-- beforeClass -->
        <test-method status="PASS" signature="beforeMethod(java.lang.reflect.Method)[pri:0, instance:com.intuit.qbes.receiptcapture.testcases.CaptureReceiptTest@646d64ab]" name="beforeMethod" is-config="true" duration-ms="2780" started-at="2020-07-17T12:44:05 IST" finished-at="2020-07-17T12:44:08 IST">
          <params>
            <param index="0">
              <value>
                <![CDATA[public void com.intuit.qbes.receiptcapture.testcases.CaptureReceiptTest.uploadReceiptImage()]]>
              </value>
            </param>
          </params>
          <reporter-output>
          </reporter-output>
        </test-method> <!-- beforeMethod -->
        <test-method status="PASS" signature="uploadReceiptImage()[pri:0, instance:com.intuit.qbes.receiptcapture.testcases.CaptureReceiptTest@646d64ab]" name="uploadReceiptImage" duration-ms="26091" started-at="2020-07-17T12:44:08 IST" finished-at="2020-07-17T12:44:34 IST">
          <reporter-output>
          </reporter-output>
        </test-method> <!-- uploadReceiptImage -->
        <test-method status="PASS" signature="afterMethod()[pri:0, instance:com.intuit.qbes.receiptcapture.testcases.CaptureReceiptTest@646d64ab]" name="afterMethod" is-config="true" duration-ms="532" started-at="2020-07-17T12:44:34 IST" finished-at="2020-07-17T12:44:34 IST">
          <reporter-output>
          </reporter-output>
        </test-method> <!-- afterMethod -->
        <test-method status="PASS" signature="afterClass()[pri:0, instance:com.intuit.qbes.receiptcapture.testcases.CaptureReceiptTest@646d64ab]" name="afterClass" is-config="true" duration-ms="318" started-at="2020-07-17T12:44:34 IST" finished-at="2020-07-17T12:44:34 IST">
          <reporter-output>
          </reporter-output>
        </test-method> <!-- afterClass -->
      </class> <!-- com.intuit.qbes.receiptcapture.testcases.CaptureReceiptTest -->
    </test> <!-- Test -->
  </suite> <!-- Suite -->
</testng-results>
